Step: build-step-credential-initializer-k7fmc:

{"level":"warn","ts":1557586171.0913105,"logger":"fallback-logger","caller":"logging/config.go:65","msg":"Fetch GitHub commit ID from kodata failed: \"ref: refs/heads/backport-container-name-fix\" is not a valid GitHub commit ID"}
{"level":"info","ts":1557586171.091751,"logger":"fallback-logger","caller":"creds-init/main.go:40","msg":"Credentials initialized."}
Step: build-step-git-source-jenkins-x-charts-**-build-templ-6tv9d:

{"level":"warn","ts":1557586171.6277757,"logger":"fallback-logger","caller":"logging/config.go:65","msg":"Fetch GitHub commit ID from kodata failed: \"ref: refs/heads/backport-container-name-fix\" is not a valid GitHub commit ID"}
{"level":"info","ts":1557586173.0329528,"logger":"fallback-logger","caller":"git-init/main.go:99","msg":"Successfully cloned \"https://github.com/jenkins-x-charts/**-build-templates\" @ \"v0.0.602\" in path \"/workspace/source\""}
Step: build-step-place-tools:

Step: build-step-git-merge:

Warning failed to load version: failed to parse version -dev+548a93a-dev+981c48321: No Major.Minor.Patch elements found
Using SHAs from PULL_REFS=master:879d42c13cf2a8f8cf10558bac08c5e36121838b
time="2019-05-11T14:49:34Z" level=warning msg="no SHAs to merge, falling back to initial cloned commit"
Step: build-step-setup-**-git-credentials:

Generated Git credentials file /builder/home/git/credentials
Step: build-step-build-basic-auth-username:

/builder/home/basic-auth-user.json
Step: build-step-build-basic-auth-password:

/builder/home/basic-auth-pass.json
Step: build-step-build-release:

rm -rf **-build-templates/charts
rm -rf **-build-templates/**-build-templates*.tgz
rm -rf **-build-templates/requirements.lock
helm init --client-only
Creating /builder/home/.helm 
Creating /builder/home/.helm/repository 
Creating /builder/home/.helm/repository/cache 
Creating /builder/home/.helm/repository/local 
Creating /builder/home/.helm/plugins 
Creating /builder/home/.helm/starters 
Creating /builder/home/.helm/cache/archive 
Creating /builder/home/.helm/repository/repositories.yaml 
Adding stable repo with URL: https://kubernetes-charts.storage.googleapis.com 
Adding local repo with URL: http://127.0.0.1:8879/charts 
$HELM_HOME has been configured at /builder/home/.helm.
Not installing Tiller due to 'client-only' flag having been set
Happy Helming!
helm repo add jenkinsxio https://storage.googleapis.com/chartmuseum.jenkins-x.io
"jenkinsxio" has been added to your repositories
helm dependency build **-build-templates
No requirements found in **-build-templates/charts.
helm lint **-build-templates
==> Linting **-build-templates
Lint OK

1 chart(s) linted, no failures
./**/scripts/test.sh
gcr.io/jenkinsxio/builder-**:0.1.448
gcr.io/jenkinsxio/builder-**:0.1.448
gcr.io/jenkinsxio/jenkins-**:256.0.261
gcr.io/jenkinsxio/jenkins-csharp:256.0.261
gcr.io/jenkinsxio/jenkins-cwp:256.0.261
gcr.io/jenkinsxio/jenkins-elixir:256.0.261
gcr.io/jenkinsxio/jenkins-go:256.0.261
gcr.io/jenkinsxio/jenkins-go:256.0.261
gcr.io/jenkinsxio/jenkins-go:256.0.261
gcr.io/jenkinsxio/jenkins-go:256.0.261
gcr.io/jenkinsxio/jenkins-go:256.0.261
gcr.io/jenkinsxio/jenkins-gradle:256.0.261
gcr.io/jenkinsxio/jenkins-javascript:256.0.261
gcr.io/jenkinsxio/jenkins-jenkins:256.0.261
gcr.io/jenkinsxio/jenkins-maven:256.0.261
gcr.io/jenkinsxio/jenkins-python:256.0.261
gcr.io/jenkinsxio/jenkins-ruby:256.0.261
gcr.io/jenkinsxio/jenkins-rust:256.0.261
gcr.io/jenkinsxio/jenkins-scala:256.0.261
gcr.io/jenkinsxio/jenkins-**:256.0.261
gcr.io/jenkinsxio/builder-**:0.1.448
gcr.io/jenkinsxio/builder-**:0.1.448
gcr.io/jenkinsxio/builder-**:0.1.448
gcr.io/jenkinsxio/builder-**:0.1.448
gcr.io/jenkinsxio/builder-**:0.1.448
gcr.io/jenkinsxio/builder-**:0.1.448
gcr.io/jenkinsxio/jenkins-maven:256.0.261
gcr.io/jenkinsxio/jenkins-maven:256.0.261
sed -i -e "s/version:.*/version: 0.0.602/" **-build-templates/Chart.yaml
helm package **-build-templates
Successfully packaged chart and saved it to: /workspace/source/**-build-templates-0.0.602.tgz
curl --fail -u *****:************ --data-binary "@**-build-templates-0.0.602.tgz" http://jenkins-x-chartmuseum:8080/api/charts
  % Total    % Received % Xferd  Average Speed   Time    Time     Time  Current
                                 Dload  Upload   Total   Spent    Left  Speed
  0     0    0     0    0     0      0      0 --:--:-- --:--:-- --:--:--     0100  3262  100    14  100  3248     48  11231 --:--:-- --:--:-- --:--:-- 11238
{"saved":true}rm -rf **-build-templates*.tgz
